<?xml version="1.0" encoding="UTF-8"?>
<testng-results ignored="0" total="1" passed="1" failed="0" skipped="0">
  <reporter-output>
  </reporter-output>
  <suite started-at="2022-11-30T11:45:58 IST" name="Suite" finished-at="2022-11-30T11:46:08 IST" duration-ms="9832">
    <groups>
    </groups>
    <test started-at="2022-11-30T11:45:58 IST" name="Test" finished-at="2022-11-30T11:46:08 IST" duration-ms="9832">
      <class name="testng.Test5">
        <test-method signature="demo(org.testng.xml.XmlTest)[pri:0, instance:testng.Test5@1e802ef9]" started-at="2022-11-30T11:45:58 IST" name="demo" finished-at="2022-11-30T11:46:08 IST" duration-ms="9743" status="PASS">
          <params>
            <param index="0">
              <value>
                <![CDATA[org.testng.xml.XmlTest@3ed6c1cd]]>
              </value>
            </param>
          </params>
          <reporter-output>
          </reporter-output>
        </test-method> <!-- demo -->
      </class> <!-- testng.Test5 -->
    </test> <!-- Test -->
  </suite> <!-- Suite -->
</testng-results>
